2020-04-06 01:12:52,840 INFO [restartedMain] org.linlinjava.litemall.Application [StartupInfoLogger.java : 50] Starting Application on luck-xianzhi.local with PID 17193 (/Users/luck/WeChatProjects/litemall/litemall-all/target/classes started by luck in /Users/luck/WeChatProjects/litemall)
2020-04-06 01:12:52,847 DEBUG [restartedMain] org.linlinjava.litemall.Application [StartupInfoLogger.java : 53] Running with Spring Boot v2.1.5.RELEASE, Spring v5.1.7.RELEASE
2020-04-06 01:12:52,847 INFO [restartedMain] org.linlinjava.litemall.Application [SpringApplication.java : 679] The following profiles are active: db,core,admin,wx
2020-04-06 01:13:16,472 INFO [scheduling-1] o.l.litemall.admin.job.CouponJob [CouponJob.java : 36] 系统开启任务检查优惠券是否已经过期
2020-04-06 01:13:16,648 INFO [scheduling-1] o.l.litemall.admin.job.CouponJob [CouponJob.java : 50] 系统结束任务检查优惠券是否已经过期
2020-04-06 01:13:18,329 ERROR [restartedMain] o.apache.catalina.util.LifecycleBase [DirectJDKLog.java : 175] Failed to start component [Connector[HTTP/1.1-8080]]
org.apache.catalina.LifecycleException: Protocol handler start failed
	at org.apache.catalina.connector.Connector.startInternal(Connector.java:1008)
	at org.apache.catalina.util.LifecycleBase.start(LifecycleBase.java:183)
	at org.apache.catalina.core.StandardService.addConnector(StandardService.java:226)
	at org.springframework.boot.web.embedded.tomcat.TomcatWebServer.addPreviouslyRemovedConnectors(TomcatWebServer.java:259)
	at org.springframework.boot.web.embedded.tomcat.TomcatWebServer.start(TomcatWebServer.java:197)
	at org.springframework.boot.web.servlet.context.ServletWebServerApplicationContext.startWebServer(ServletWebServerApplicationContext.java:311)
	at org.springframework.boot.web.servlet.context.ServletWebServerApplicationContext.finishRefresh(ServletWebServerApplicationContext.java:164)
	at org.springframework.context.support.AbstractApplicationContext.refresh(AbstractApplicationContext.java:552)
	at org.springframework.boot.web.servlet.context.ServletWebServerApplicationContext.refresh(ServletWebServerApplicationContext.java:142)
	at org.springframework.boot.SpringApplication.refresh(SpringApplication.java:775)
	at org.springframework.boot.SpringApplication.refreshContext(SpringApplication.java:397)
	at org.springframework.boot.SpringApplication.run(SpringApplication.java:316)
	at org.springframework.boot.SpringApplication.run(SpringApplication.java:1260)
	at org.springframework.boot.SpringApplication.run(SpringApplication.java:1248)
	at org.linlinjava.litemall.Application.main(Application.java:22)
	at sun.reflect.NativeMethodAccessorImpl.invoke0(Native Method)
	at sun.reflect.NativeMethodAccessorImpl.invoke(NativeMethodAccessorImpl.java:62)
	at sun.reflect.DelegatingMethodAccessorImpl.invoke(DelegatingMethodAccessorImpl.java:43)
	at java.lang.reflect.Method.invoke(Method.java:498)
	at org.springframework.boot.devtools.restart.RestartLauncher.run(RestartLauncher.java:49)
Caused by: java.net.BindException: Address already in use
	at sun.nio.ch.Net.bind0(Native Method)
	at sun.nio.ch.Net.bind(Net.java:433)
	at sun.nio.ch.Net.bind(Net.java:425)
	at sun.nio.ch.ServerSocketChannelImpl.bind(ServerSocketChannelImpl.java:223)
	at sun.nio.ch.ServerSocketAdaptor.bind(ServerSocketAdaptor.java:74)
	at org.apache.tomcat.util.net.NioEndpoint.initServerSocket(NioEndpoint.java:239)
	at org.apache.tomcat.util.net.NioEndpoint.bind(NioEndpoint.java:213)
	at org.apache.tomcat.util.net.AbstractEndpoint.bindWithCleanup(AbstractEndpoint.java:1116)
	at org.apache.tomcat.util.net.AbstractEndpoint.start(AbstractEndpoint.java:1202)
	at org.apache.coyote.AbstractProtocol.start(AbstractProtocol.java:568)
	at org.apache.catalina.connector.Connector.startInternal(Connector.java:1005)
	... 19 common frames omitted
2020-04-06 01:13:18,369 ERROR [restartedMain] o.s.b.d.LoggingFailureAnalysisReporter [LoggingFailureAnalysisReporter.java : 42] 

***************************
APPLICATION FAILED TO START
***************************

Description:

The Tomcat connector configured to listen on port 8080 failed to start. The port may already be in use or the connector may be misconfigured.

Action:

Verify the connector's configuration, identify and stop any process that's listening on port 8080, or configure this application to listen on another port.

